2023-05-31 13:36:11,583 - INFO - Récupération des turbines depuis la base de données réussie.
2023-05-31 13:36:11,586 - INFO - Récupération des turbines depuis la base de données réussie.
2023-05-31 13:36:11,587 - INFO - Récupération des turbines depuis la base de données réussie.
2023-05-31 13:36:11,589 - INFO - Récupération des turbines depuis la base de données réussie.
2023-05-31 13:36:11,590 - INFO - Récupération des turbines depuis la base de données réussie.
2023-05-31 13:36:11,592 - INFO - Récupération des turbines depuis la base de données réussie.
2023-05-31 13:36:11,593 - INFO - Récupération des turbines depuis la base de données réussie.
2023-05-31 13:36:11,594 - INFO - Récupération des turbines depuis la base de données réussie.
2023-05-31 13:36:11,595 - INFO - Récupération des turbines depuis la base de données réussie.
2023-05-31 13:36:11,596 - INFO - Récupération des turbines depuis la base de données réussie.
2023-05-31 13:36:11,597 - INFO - Récupération des turbines depuis la base de données réussie.
2023-05-31 13:36:11,598 - INFO - Récupération des turbines depuis la base de données réussie.
2023-05-31 13:36:11,599 - INFO - Récupération des turbines depuis la base de données réussie.
2023-05-31 13:36:11,600 - INFO - Récupération des turbines depuis la base de données réussie.
2023-05-31 13:36:11,601 - INFO - Récupération des turbines depuis la base de données réussie.
2023-05-31 13:36:11,601 - INFO - Récupération des turbines depuis la base de données réussie.
2023-05-31 13:36:11,602 - INFO - Récupération des turbines depuis la base de données réussie.
2023-05-31 13:36:11,603 - INFO - Récupération des turbines depuis la base de données réussie.
2023-05-31 13:36:11,603 - INFO - Récupération des turbines depuis la base de données réussie.
2023-05-31 13:36:11,604 - INFO - Récupération des turbines depuis la base de données réussie.
2023-05-31 13:36:11,604 - INFO - Récupération des turbines depuis la base de données réussie.
2023-05-31 13:36:11,605 - INFO - Récupération des turbines depuis la base de données réussie.
2023-05-31 13:36:11,605 - INFO - Récupération des turbines depuis la base de données réussie.
2023-05-31 13:36:11,606 - INFO - Récupération des turbines depuis la base de données réussie.
2023-05-31 13:36:11,606 - INFO - Récupération des turbines depuis la base de données réussie.
2023-05-31 13:36:11,607 - INFO - Récupération des turbines depuis la base de données réussie.
2023-05-31 13:36:11,608 - INFO - Récupération des turbines depuis la base de données réussie.
2023-05-31 13:36:11,609 - INFO - Récupération des turbines depuis la base de données réussie.
2023-05-31 13:36:11,609 - INFO - Récupération des turbines depuis la base de données réussie.
2023-05-31 13:36:11,610 - INFO - Récupération des turbines depuis la base de données réussie.
2023-05-31 13:36:11,611 - INFO - Récupération des turbines depuis la base de données réussie.
2023-05-31 13:36:11,611 - INFO - Récupération des turbines depuis la base de données réussie.
2023-05-31 13:36:11,612 - INFO - Récupération des turbines depuis la base de données réussie.
2023-05-31 13:36:11,612 - INFO - Récupération des turbines depuis la base de données réussie.
2023-05-31 13:36:11,613 - INFO - Récupération des turbines depuis la base de données réussie.
2023-05-31 13:36:11,614 - INFO - Récupération des turbines depuis la base de données réussie.
2023-05-31 13:36:11,614 - INFO - Récupération des turbines depuis la base de données réussie.
2023-05-31 13:36:11,615 - INFO - Récupération des turbines depuis la base de données réussie.
2023-05-31 13:36:11,615 - INFO - Récupération des turbines depuis la base de données réussie.
2023-05-31 13:36:11,616 - INFO - Récupération des turbines depuis la base de données réussie.
2023-05-31 13:36:11,616 - INFO - Récupération des turbines depuis la base de données réussie.
2023-05-31 13:36:11,617 - INFO - Récupération des turbines depuis la base de données réussie.
2023-05-31 13:36:11,618 - INFO - Récupération des turbines depuis la base de données réussie.
2023-05-31 13:36:11,618 - INFO - Récupération des turbines depuis la base de données réussie.
2023-05-31 13:36:11,619 - INFO - Récupération des turbines depuis la base de données réussie.
2023-05-31 13:36:11,619 - INFO - Récupération des turbines depuis la base de données réussie.
2023-05-31 13:36:11,620 - INFO - Récupération des turbines depuis la base de données réussie.
2023-05-31 13:36:11,621 - INFO - Récupération des turbines depuis la base de données réussie.
2023-05-31 13:36:11,621 - INFO - Récupération des turbines depuis la base de données réussie.
2023-05-31 13:36:11,622 - INFO - Récupération des turbines depuis la base de données réussie.
2023-05-31 13:36:11,622 - INFO - Récupération des turbines depuis la base de données réussie.
2023-05-31 13:36:11,623 - INFO - Récupération des turbines depuis la base de données réussie.
2023-05-31 13:36:11,623 - INFO - Récupération des turbines depuis la base de données réussie.
2023-05-31 13:36:11,624 - INFO - Récupération des turbines depuis la base de données réussie.
2023-05-31 13:36:11,625 - INFO - Récupération des turbines depuis la base de données réussie.
2023-05-31 13:36:11,626 - INFO - Récupération des turbines depuis la base de données réussie.
2023-05-31 13:36:11,627 - INFO - Récupération des turbines depuis la base de données réussie.
2023-05-31 13:36:11,627 - INFO - Récupération des turbines depuis la base de données réussie.
2023-05-31 13:36:11,628 - INFO - Récupération des turbines depuis la base de données réussie.
2023-05-31 13:36:11,629 - INFO - Récupération des turbines depuis la base de données réussie.
2023-05-31 13:36:11,630 - INFO - Récupération des turbines depuis la base de données réussie.
2023-05-31 13:36:11,630 - INFO - Récupération des turbines depuis la base de données réussie.
2023-05-31 13:36:11,631 - INFO - Récupération des turbines depuis la base de données réussie.
2023-05-31 13:36:11,632 - INFO - Récupération des turbines depuis la base de données réussie.
2023-05-31 13:36:11,632 - INFO - Récupération des turbines depuis la base de données réussie.
2023-05-31 13:36:11,633 - INFO - Récupération des turbines depuis la base de données réussie.
2023-05-31 13:36:11,633 - INFO - Récupération des turbines depuis la base de données réussie.
2023-05-31 13:36:11,634 - INFO - Récupération des turbines depuis la base de données réussie.
2023-05-31 13:36:11,634 - INFO - Récupération des turbines depuis la base de données réussie.
2023-05-31 13:36:11,635 - INFO - Récupération des turbines depuis la base de données réussie.
2023-05-31 13:36:11,635 - INFO - Récupération des turbines depuis la base de données réussie.
2023-05-31 13:36:11,636 - INFO - Récupération des turbines depuis la base de données réussie.
2023-05-31 13:36:11,636 - INFO - Récupération des turbines depuis la base de données réussie.
2023-05-31 13:36:11,637 - INFO - Récupération des turbines depuis la base de données réussie.
2023-05-31 13:36:11,637 - INFO - Récupération des turbines depuis la base de données réussie.
2023-05-31 13:36:11,638 - INFO - Récupération des turbines depuis la base de données réussie.
2023-05-31 13:36:11,638 - INFO - Récupération des turbines depuis la base de données réussie.
2023-05-31 13:36:11,639 - INFO - Récupération des turbines depuis la base de données réussie.
2023-05-31 13:36:11,639 - INFO - Récupération des turbines depuis la base de données réussie.
2023-05-31 13:36:11,640 - INFO - Récupération des turbines depuis la base de données réussie.
2023-05-31 13:36:11,640 - INFO - Récupération des turbines depuis la base de données réussie.
2023-05-31 13:36:11,641 - INFO - Récupération des turbines depuis la base de données réussie.
2023-05-31 13:36:11,642 - INFO - Récupération des turbines depuis la base de données réussie.
2023-05-31 13:36:11,642 - INFO - Récupération des turbines depuis la base de données réussie.
2023-05-31 13:36:11,643 - INFO - Récupération des turbines depuis la base de données réussie.
2023-05-31 13:36:11,644 - INFO - Récupération des turbines depuis la base de données réussie.
2023-05-31 13:36:11,645 - INFO - Récupération des turbines depuis la base de données réussie.
2023-05-31 13:36:11,645 - INFO - Récupération des turbines depuis la base de données réussie.
2023-05-31 13:36:11,646 - INFO - Récupération des turbines depuis la base de données réussie.
2023-05-31 13:36:11,646 - INFO - Récupération des turbines depuis la base de données réussie.
2023-05-31 13:36:11,647 - INFO - Récupération des turbines depuis la base de données réussie.
2023-05-31 13:36:11,647 - INFO - Récupération des turbines depuis la base de données réussie.
2023-05-31 13:36:11,648 - INFO - Récupération des turbines depuis la base de données réussie.
2023-05-31 13:36:11,648 - INFO - Récupération des turbines depuis la base de données réussie.
2023-05-31 13:36:11,649 - INFO - Récupération des turbines depuis la base de données réussie.
2023-05-31 13:36:11,649 - INFO - Récupération des turbines depuis la base de données réussie.
2023-05-31 13:36:11,650 - INFO - Récupération des turbines depuis la base de données réussie.
2023-05-31 13:36:11,650 - INFO - Récupération des turbines depuis la base de données réussie.
2023-05-31 13:36:11,651 - INFO - Récupération des turbines depuis la base de données réussie.
2023-05-31 13:36:11,651 - INFO - Récupération des turbines depuis la base de données réussie.
2023-05-31 13:36:11,651 - INFO - Récupération des turbines depuis la base de données réussie.
2023-05-31 13:36:11,652 - INFO - Récupération des turbines depuis la base de données réussie.
2023-05-31 13:36:11,652 - INFO - Récupération des turbines depuis la base de données réussie.
2023-05-31 13:36:11,653 - INFO - Récupération des turbines depuis la base de données réussie.
2023-05-31 13:36:11,653 - INFO - Récupération des turbines depuis la base de données réussie.
2023-05-31 13:36:11,654 - INFO - Récupération des turbines depuis la base de données réussie.
2023-05-31 13:36:11,654 - INFO - Récupération des turbines depuis la base de données réussie.
2023-05-31 13:36:11,655 - INFO - Récupération des turbines depuis la base de données réussie.
2023-05-31 13:36:11,655 - INFO - Récupération des turbines depuis la base de données réussie.
2023-05-31 13:36:11,656 - INFO - Récupération des turbines depuis la base de données réussie.
2023-05-31 13:36:19,392 - ERROR - Erreur lors du traitement des turbines : Expecting value: line 1 column 1 (char 0)
2023-05-31 13:36:19,395 - INFO - Total données SCADA traitées : None
2023-05-31 13:42:40,048 - INFO - Récupération des turbines depuis la base de données réussie.
2023-05-31 13:42:40,049 - INFO - Récupération des turbines depuis la base de données réussie.
2023-05-31 13:42:40,050 - INFO - Récupération des turbines depuis la base de données réussie.
2023-05-31 13:42:40,051 - INFO - Récupération des turbines depuis la base de données réussie.
2023-05-31 13:42:40,052 - INFO - Récupération des turbines depuis la base de données réussie.
2023-05-31 13:42:40,052 - INFO - Récupération des turbines depuis la base de données réussie.
2023-05-31 13:42:40,053 - INFO - Récupération des turbines depuis la base de données réussie.
2023-05-31 13:42:40,053 - INFO - Récupération des turbines depuis la base de données réussie.
2023-05-31 13:42:40,054 - INFO - Récupération des turbines depuis la base de données réussie.
2023-05-31 13:42:40,054 - INFO - Récupération des turbines depuis la base de données réussie.
2023-05-31 13:42:40,055 - INFO - Récupération des turbines depuis la base de données réussie.
2023-05-31 13:42:40,055 - INFO - Récupération des turbines depuis la base de données réussie.
2023-05-31 13:42:40,055 - INFO - Récupération des turbines depuis la base de données réussie.
2023-05-31 13:42:40,056 - INFO - Récupération des turbines depuis la base de données réussie.
2023-05-31 13:42:40,057 - INFO - Récupération des turbines depuis la base de données réussie.
2023-05-31 13:42:40,057 - INFO - Récupération des turbines depuis la base de données réussie.
2023-05-31 13:42:40,057 - INFO - Récupération des turbines depuis la base de données réussie.
2023-05-31 13:42:40,058 - INFO - Récupération des turbines depuis la base de données réussie.
2023-05-31 13:42:40,058 - INFO - Récupération des turbines depuis la base de données réussie.
2023-05-31 13:42:40,059 - INFO - Récupération des turbines depuis la base de données réussie.
2023-05-31 13:42:40,059 - INFO - Récupération des turbines depuis la base de données réussie.
2023-05-31 13:42:40,059 - INFO - Récupération des turbines depuis la base de données réussie.
2023-05-31 13:42:40,060 - INFO - Récupération des turbines depuis la base de données réussie.
2023-05-31 13:42:40,060 - INFO - Récupération des turbines depuis la base de données réussie.
2023-05-31 13:42:40,060 - INFO - Récupération des turbines depuis la base de données réussie.
2023-05-31 13:42:40,061 - INFO - Récupération des turbines depuis la base de données réussie.
2023-05-31 13:42:40,061 - INFO - Récupération des turbines depuis la base de données réussie.
2023-05-31 13:42:40,062 - INFO - Récupération des turbines depuis la base de données réussie.
2023-05-31 13:42:40,062 - INFO - Récupération des turbines depuis la base de données réussie.
2023-05-31 13:42:40,062 - INFO - Récupération des turbines depuis la base de données réussie.
2023-05-31 13:42:40,063 - INFO - Récupération des turbines depuis la base de données réussie.
2023-05-31 13:42:40,063 - INFO - Récupération des turbines depuis la base de données réussie.
2023-05-31 13:42:40,063 - INFO - Récupération des turbines depuis la base de données réussie.
2023-05-31 13:42:40,064 - INFO - Récupération des turbines depuis la base de données réussie.
2023-05-31 13:42:40,064 - INFO - Récupération des turbines depuis la base de données réussie.
2023-05-31 13:42:40,064 - INFO - Récupération des turbines depuis la base de données réussie.
2023-05-31 13:42:40,065 - INFO - Récupération des turbines depuis la base de données réussie.
2023-05-31 13:42:40,065 - INFO - Récupération des turbines depuis la base de données réussie.
2023-05-31 13:42:40,066 - INFO - Récupération des turbines depuis la base de données réussie.
2023-05-31 13:42:40,066 - INFO - Récupération des turbines depuis la base de données réussie.
2023-05-31 13:42:40,066 - INFO - Récupération des turbines depuis la base de données réussie.
2023-05-31 13:42:40,067 - INFO - Récupération des turbines depuis la base de données réussie.
2023-05-31 13:42:40,067 - INFO - Récupération des turbines depuis la base de données réussie.
2023-05-31 13:42:40,068 - INFO - Récupération des turbines depuis la base de données réussie.
2023-05-31 13:42:40,068 - INFO - Récupération des turbines depuis la base de données réussie.
2023-05-31 13:42:40,068 - INFO - Récupération des turbines depuis la base de données réussie.
2023-05-31 13:42:40,069 - INFO - Récupération des turbines depuis la base de données réussie.
2023-05-31 13:42:40,069 - INFO - Récupération des turbines depuis la base de données réussie.
2023-05-31 13:42:40,070 - INFO - Récupération des turbines depuis la base de données réussie.
2023-05-31 13:42:40,070 - INFO - Récupération des turbines depuis la base de données réussie.
2023-05-31 13:42:40,071 - INFO - Récupération des turbines depuis la base de données réussie.
2023-05-31 13:42:40,071 - INFO - Récupération des turbines depuis la base de données réussie.
2023-05-31 13:42:40,071 - INFO - Récupération des turbines depuis la base de données réussie.
2023-05-31 13:42:40,072 - INFO - Récupération des turbines depuis la base de données réussie.
2023-05-31 13:42:40,072 - INFO - Récupération des turbines depuis la base de données réussie.
2023-05-31 13:42:40,072 - INFO - Récupération des turbines depuis la base de données réussie.
2023-05-31 13:42:40,073 - INFO - Récupération des turbines depuis la base de données réussie.
2023-05-31 13:42:40,073 - INFO - Récupération des turbines depuis la base de données réussie.
2023-05-31 13:42:40,073 - INFO - Récupération des turbines depuis la base de données réussie.
2023-05-31 13:42:40,074 - INFO - Récupération des turbines depuis la base de données réussie.
2023-05-31 13:42:40,074 - INFO - Récupération des turbines depuis la base de données réussie.
2023-05-31 13:42:40,075 - INFO - Récupération des turbines depuis la base de données réussie.
2023-05-31 13:42:40,075 - INFO - Récupération des turbines depuis la base de données réussie.
2023-05-31 13:42:40,075 - INFO - Récupération des turbines depuis la base de données réussie.
2023-05-31 13:42:40,076 - INFO - Récupération des turbines depuis la base de données réussie.
2023-05-31 13:42:40,076 - INFO - Récupération des turbines depuis la base de données réussie.
2023-05-31 13:42:40,077 - INFO - Récupération des turbines depuis la base de données réussie.
2023-05-31 13:42:40,077 - INFO - Récupération des turbines depuis la base de données réussie.
2023-05-31 13:42:40,078 - INFO - Récupération des turbines depuis la base de données réussie.
2023-05-31 13:42:40,078 - INFO - Récupération des turbines depuis la base de données réussie.
2023-05-31 13:42:40,078 - INFO - Récupération des turbines depuis la base de données réussie.
2023-05-31 13:42:40,078 - INFO - Récupération des turbines depuis la base de données réussie.
2023-05-31 13:42:40,079 - INFO - Récupération des turbines depuis la base de données réussie.
2023-05-31 13:42:40,079 - INFO - Récupération des turbines depuis la base de données réussie.
2023-05-31 13:42:40,080 - INFO - Récupération des turbines depuis la base de données réussie.
2023-05-31 13:42:40,080 - INFO - Récupération des turbines depuis la base de données réussie.
2023-05-31 13:42:40,081 - INFO - Récupération des turbines depuis la base de données réussie.
2023-05-31 13:42:40,081 - INFO - Récupération des turbines depuis la base de données réussie.
2023-05-31 13:42:40,081 - INFO - Récupération des turbines depuis la base de données réussie.
2023-05-31 13:42:40,082 - INFO - Récupération des turbines depuis la base de données réussie.
2023-05-31 13:42:40,082 - INFO - Récupération des turbines depuis la base de données réussie.
2023-05-31 13:42:40,083 - INFO - Récupération des turbines depuis la base de données réussie.
2023-05-31 13:42:40,083 - INFO - Récupération des turbines depuis la base de données réussie.
2023-05-31 13:42:40,083 - INFO - Récupération des turbines depuis la base de données réussie.
2023-05-31 13:42:40,084 - INFO - Récupération des turbines depuis la base de données réussie.
2023-05-31 13:42:40,084 - INFO - Récupération des turbines depuis la base de données réussie.
2023-05-31 13:42:40,085 - INFO - Récupération des turbines depuis la base de données réussie.
2023-05-31 13:42:40,085 - INFO - Récupération des turbines depuis la base de données réussie.
2023-05-31 13:42:40,085 - INFO - Récupération des turbines depuis la base de données réussie.
2023-05-31 13:42:40,086 - INFO - Récupération des turbines depuis la base de données réussie.
2023-05-31 13:42:40,086 - INFO - Récupération des turbines depuis la base de données réussie.
2023-05-31 13:42:40,087 - INFO - Récupération des turbines depuis la base de données réussie.
2023-05-31 13:42:40,087 - INFO - Récupération des turbines depuis la base de données réussie.
2023-05-31 13:42:40,087 - INFO - Récupération des turbines depuis la base de données réussie.
2023-05-31 13:42:40,088 - INFO - Récupération des turbines depuis la base de données réussie.
2023-05-31 13:42:40,088 - INFO - Récupération des turbines depuis la base de données réussie.
2023-05-31 13:42:40,088 - INFO - Récupération des turbines depuis la base de données réussie.
2023-05-31 13:42:40,089 - INFO - Récupération des turbines depuis la base de données réussie.
2023-05-31 13:42:40,089 - INFO - Récupération des turbines depuis la base de données réussie.
2023-05-31 13:42:40,089 - INFO - Récupération des turbines depuis la base de données réussie.
2023-05-31 13:42:40,090 - INFO - Récupération des turbines depuis la base de données réussie.
2023-05-31 13:42:40,090 - INFO - Récupération des turbines depuis la base de données réussie.
2023-05-31 13:42:40,091 - INFO - Récupération des turbines depuis la base de données réussie.
2023-05-31 13:42:40,091 - INFO - Récupération des turbines depuis la base de données réussie.
2023-05-31 13:42:40,091 - INFO - Récupération des turbines depuis la base de données réussie.
2023-05-31 13:42:40,092 - INFO - Récupération des turbines depuis la base de données réussie.
2023-05-31 13:42:40,092 - INFO - Récupération des turbines depuis la base de données réussie.
2023-05-31 13:42:40,093 - INFO - Récupération des turbines depuis la base de données réussie.
2023-05-31 13:42:40,093 - INFO - Récupération des turbines depuis la base de données réussie.
2023-05-31 13:42:40,093 - INFO - Récupération des turbines depuis la base de données réussie.
2023-05-31 13:42:47,345 - INFO - Insertion des lignes dans la collection MongoDB réussie.
2023-05-31 13:42:47,369 - INFO - Insertion des lignes dans la collection MongoDB réussie.
2023-05-31 13:42:47,374 - INFO - Insertion des lignes dans la collection MongoDB réussie.
2023-05-31 13:42:47,379 - INFO - Insertion des lignes dans la collection MongoDB réussie.
2023-05-31 13:42:47,383 - INFO - Insertion des lignes dans la collection MongoDB réussie.
2023-05-31 13:42:47,389 - INFO - Insertion des lignes dans la collection MongoDB réussie.
2023-05-31 13:42:47,393 - INFO - Insertion des lignes dans la collection MongoDB réussie.
2023-05-31 13:42:47,400 - INFO - Insertion des lignes dans la collection MongoDB réussie.
2023-05-31 13:42:47,408 - INFO - Insertion des lignes dans la collection MongoDB réussie.
2023-05-31 13:42:47,413 - INFO - Insertion des lignes dans la collection MongoDB réussie.
2023-05-31 13:42:47,418 - INFO - Insertion des lignes dans la collection MongoDB réussie.
2023-05-31 13:42:47,422 - INFO - Insertion des lignes dans la collection MongoDB réussie.
2023-05-31 13:42:47,426 - INFO - Insertion des lignes dans la collection MongoDB réussie.
2023-05-31 13:42:47,431 - INFO - Insertion des lignes dans la collection MongoDB réussie.
2023-05-31 13:42:47,436 - INFO - Insertion des lignes dans la collection MongoDB réussie.
2023-05-31 13:42:47,441 - INFO - Insertion des lignes dans la collection MongoDB réussie.
2023-05-31 13:42:47,445 - INFO - Insertion des lignes dans la collection MongoDB réussie.
2023-05-31 13:42:47,450 - INFO - Insertion des lignes dans la collection MongoDB réussie.
2023-05-31 13:42:47,455 - INFO - Insertion des lignes dans la collection MongoDB réussie.
2023-05-31 13:42:47,459 - INFO - Insertion des lignes dans la collection MongoDB réussie.
2023-05-31 13:42:47,466 - INFO - Insertion des lignes dans la collection MongoDB réussie.
2023-05-31 13:42:47,474 - INFO - Insertion des lignes dans la collection MongoDB réussie.
2023-05-31 13:42:47,482 - INFO - Insertion des lignes dans la collection MongoDB réussie.
2023-05-31 13:42:47,487 - INFO - Insertion des lignes dans la collection MongoDB réussie.
2023-05-31 13:42:47,493 - INFO - Insertion des lignes dans la collection MongoDB réussie.
2023-05-31 13:42:47,498 - INFO - Insertion des lignes dans la collection MongoDB réussie.
2023-05-31 13:42:47,503 - INFO - Insertion des lignes dans la collection MongoDB réussie.
2023-05-31 13:42:47,509 - INFO - Insertion des lignes dans la collection MongoDB réussie.
2023-05-31 13:42:47,514 - INFO - Insertion des lignes dans la collection MongoDB réussie.
2023-05-31 13:42:47,521 - INFO - Insertion des lignes dans la collection MongoDB réussie.
2023-05-31 13:42:47,526 - INFO - Insertion des lignes dans la collection MongoDB réussie.
2023-05-31 13:42:47,531 - INFO - Insertion des lignes dans la collection MongoDB réussie.
2023-05-31 13:42:47,536 - INFO - Insertion des lignes dans la collection MongoDB réussie.
2023-05-31 13:42:47,543 - INFO - Insertion des lignes dans la collection MongoDB réussie.
2023-05-31 13:42:47,547 - INFO - Insertion des lignes dans la collection MongoDB réussie.
2023-05-31 13:42:47,552 - INFO - Insertion des lignes dans la collection MongoDB réussie.
2023-05-31 13:42:47,556 - INFO - Insertion des lignes dans la collection MongoDB réussie.
2023-05-31 13:42:47,561 - INFO - Insertion des lignes dans la collection MongoDB réussie.
2023-05-31 13:42:47,566 - INFO - Insertion des lignes dans la collection MongoDB réussie.
2023-05-31 13:42:47,570 - INFO - Insertion des lignes dans la collection MongoDB réussie.
2023-05-31 13:42:47,576 - INFO - Insertion des lignes dans la collection MongoDB réussie.
2023-05-31 13:42:47,580 - INFO - Insertion des lignes dans la collection MongoDB réussie.
2023-05-31 13:42:47,585 - INFO - Insertion des lignes dans la collection MongoDB réussie.
2023-05-31 13:42:47,590 - INFO - Insertion des lignes dans la collection MongoDB réussie.
2023-05-31 13:42:47,595 - INFO - Insertion des lignes dans la collection MongoDB réussie.
2023-05-31 13:42:47,599 - INFO - Insertion des lignes dans la collection MongoDB réussie.
2023-05-31 13:42:47,604 - INFO - Insertion des lignes dans la collection MongoDB réussie.
2023-05-31 13:42:47,610 - INFO - Insertion des lignes dans la collection MongoDB réussie.
2023-05-31 13:42:47,615 - INFO - Insertion des lignes dans la collection MongoDB réussie.
2023-05-31 13:42:47,620 - INFO - Insertion des lignes dans la collection MongoDB réussie.
2023-05-31 13:42:47,627 - INFO - Insertion des lignes dans la collection MongoDB réussie.
2023-05-31 13:42:47,631 - INFO - Insertion des lignes dans la collection MongoDB réussie.
2023-05-31 13:42:47,636 - INFO - Insertion des lignes dans la collection MongoDB réussie.
2023-05-31 13:42:47,640 - INFO - Insertion des lignes dans la collection MongoDB réussie.
2023-05-31 13:42:47,645 - INFO - Insertion des lignes dans la collection MongoDB réussie.
2023-05-31 13:42:47,658 - INFO - Total données SCADA traitées : 170
2023-05-31 13:52:34,685 - INFO - Récupération des turbines depuis la base de données réussie.
2023-05-31 13:52:34,686 - INFO - Récupération des turbines depuis la base de données réussie.
2023-05-31 13:52:34,687 - INFO - Récupération des turbines depuis la base de données réussie.
2023-05-31 13:52:34,687 - INFO - Récupération des turbines depuis la base de données réussie.
2023-05-31 13:52:34,688 - INFO - Récupération des turbines depuis la base de données réussie.
2023-05-31 13:52:34,689 - INFO - Récupération des turbines depuis la base de données réussie.
2023-05-31 13:52:34,689 - INFO - Récupération des turbines depuis la base de données réussie.
2023-05-31 13:52:34,690 - INFO - Récupération des turbines depuis la base de données réussie.
2023-05-31 13:52:34,690 - INFO - Récupération des turbines depuis la base de données réussie.
2023-05-31 13:52:34,691 - INFO - Récupération des turbines depuis la base de données réussie.
2023-05-31 13:52:34,691 - INFO - Récupération des turbines depuis la base de données réussie.
2023-05-31 13:52:34,691 - INFO - Récupération des turbines depuis la base de données réussie.
2023-05-31 13:52:34,692 - INFO - Récupération des turbines depuis la base de données réussie.
2023-05-31 13:52:34,692 - INFO - Récupération des turbines depuis la base de données réussie.
2023-05-31 13:52:34,693 - INFO - Récupération des turbines depuis la base de données réussie.
2023-05-31 13:52:34,693 - INFO - Récupération des turbines depuis la base de données réussie.
2023-05-31 13:52:34,694 - INFO - Récupération des turbines depuis la base de données réussie.
2023-05-31 13:52:34,694 - INFO - Récupération des turbines depuis la base de données réussie.
2023-05-31 13:52:34,694 - INFO - Récupération des turbines depuis la base de données réussie.
2023-05-31 13:52:34,695 - INFO - Récupération des turbines depuis la base de données réussie.
2023-05-31 13:52:34,695 - INFO - Récupération des turbines depuis la base de données réussie.
2023-05-31 13:52:34,696 - INFO - Récupération des turbines depuis la base de données réussie.
2023-05-31 13:52:34,696 - INFO - Récupération des turbines depuis la base de données réussie.
2023-05-31 13:52:34,696 - INFO - Récupération des turbines depuis la base de données réussie.
2023-05-31 13:52:34,697 - INFO - Récupération des turbines depuis la base de données réussie.
2023-05-31 13:52:34,697 - INFO - Récupération des turbines depuis la base de données réussie.
2023-05-31 13:52:34,697 - INFO - Récupération des turbines depuis la base de données réussie.
2023-05-31 13:52:34,698 - INFO - Récupération des turbines depuis la base de données réussie.
2023-05-31 13:52:34,698 - INFO - Récupération des turbines depuis la base de données réussie.
2023-05-31 13:52:34,698 - INFO - Récupération des turbines depuis la base de données réussie.
2023-05-31 13:52:34,699 - INFO - Récupération des turbines depuis la base de données réussie.
2023-05-31 13:52:34,700 - INFO - Récupération des turbines depuis la base de données réussie.
2023-05-31 13:52:34,700 - INFO - Récupération des turbines depuis la base de données réussie.
2023-05-31 13:52:34,701 - INFO - Récupération des turbines depuis la base de données réussie.
2023-05-31 13:52:34,701 - INFO - Récupération des turbines depuis la base de données réussie.
2023-05-31 13:52:34,702 - INFO - Récupération des turbines depuis la base de données réussie.
2023-05-31 13:52:34,702 - INFO - Récupération des turbines depuis la base de données réussie.
2023-05-31 13:52:34,703 - INFO - Récupération des turbines depuis la base de données réussie.
2023-05-31 13:52:34,703 - INFO - Récupération des turbines depuis la base de données réussie.
2023-05-31 13:52:34,704 - INFO - Récupération des turbines depuis la base de données réussie.
2023-05-31 13:52:34,704 - INFO - Récupération des turbines depuis la base de données réussie.
2023-05-31 13:52:34,705 - INFO - Récupération des turbines depuis la base de données réussie.
2023-05-31 13:52:34,705 - INFO - Récupération des turbines depuis la base de données réussie.
2023-05-31 13:52:34,706 - INFO - Récupération des turbines depuis la base de données réussie.
2023-05-31 13:52:34,706 - INFO - Récupération des turbines depuis la base de données réussie.
2023-05-31 13:52:34,707 - INFO - Récupération des turbines depuis la base de données réussie.
2023-05-31 13:52:34,708 - INFO - Récupération des turbines depuis la base de données réussie.
2023-05-31 13:52:34,708 - INFO - Récupération des turbines depuis la base de données réussie.
2023-05-31 13:52:34,708 - INFO - Récupération des turbines depuis la base de données réussie.
2023-05-31 13:52:34,709 - INFO - Récupération des turbines depuis la base de données réussie.
2023-05-31 13:52:34,710 - INFO - Récupération des turbines depuis la base de données réussie.
2023-05-31 13:52:34,711 - INFO - Récupération des turbines depuis la base de données réussie.
2023-05-31 13:52:34,712 - INFO - Récupération des turbines depuis la base de données réussie.
2023-05-31 13:52:34,712 - INFO - Récupération des turbines depuis la base de données réussie.
2023-05-31 13:52:34,713 - INFO - Récupération des turbines depuis la base de données réussie.
2023-05-31 13:52:34,713 - INFO - Récupération des turbines depuis la base de données réussie.
2023-05-31 13:52:34,715 - INFO - Récupération des turbines depuis la base de données réussie.
2023-05-31 13:52:34,715 - INFO - Récupération des turbines depuis la base de données réussie.
2023-05-31 13:52:34,716 - INFO - Récupération des turbines depuis la base de données réussie.
2023-05-31 13:52:34,716 - INFO - Récupération des turbines depuis la base de données réussie.
2023-05-31 13:52:34,717 - INFO - Récupération des turbines depuis la base de données réussie.
2023-05-31 13:52:34,717 - INFO - Récupération des turbines depuis la base de données réussie.
2023-05-31 13:52:34,718 - INFO - Récupération des turbines depuis la base de données réussie.
2023-05-31 13:52:34,718 - INFO - Récupération des turbines depuis la base de données réussie.
2023-05-31 13:52:34,719 - INFO - Récupération des turbines depuis la base de données réussie.
2023-05-31 13:52:34,719 - INFO - Récupération des turbines depuis la base de données réussie.
2023-05-31 13:52:34,720 - INFO - Récupération des turbines depuis la base de données réussie.
2023-05-31 13:52:34,720 - INFO - Récupération des turbines depuis la base de données réussie.
2023-05-31 13:52:34,721 - INFO - Récupération des turbines depuis la base de données réussie.
2023-05-31 13:52:34,721 - INFO - Récupération des turbines depuis la base de données réussie.
2023-05-31 13:52:34,722 - INFO - Récupération des turbines depuis la base de données réussie.
2023-05-31 13:52:34,722 - INFO - Récupération des turbines depuis la base de données réussie.
2023-05-31 13:52:34,723 - INFO - Récupération des turbines depuis la base de données réussie.
2023-05-31 13:52:34,723 - INFO - Récupération des turbines depuis la base de données réussie.
2023-05-31 13:52:34,724 - INFO - Récupération des turbines depuis la base de données réussie.
2023-05-31 13:52:34,724 - INFO - Récupération des turbines depuis la base de données réussie.
2023-05-31 13:52:34,725 - INFO - Récupération des turbines depuis la base de données réussie.
2023-05-31 13:52:34,725 - INFO - Récupération des turbines depuis la base de données réussie.
2023-05-31 13:52:34,726 - INFO - Récupération des turbines depuis la base de données réussie.
2023-05-31 13:52:34,726 - INFO - Récupération des turbines depuis la base de données réussie.
2023-05-31 13:52:34,727 - INFO - Récupération des turbines depuis la base de données réussie.
2023-05-31 13:52:34,727 - INFO - Récupération des turbines depuis la base de données réussie.
2023-05-31 13:52:34,728 - INFO - Récupération des turbines depuis la base de données réussie.
2023-05-31 13:52:34,728 - INFO - Récupération des turbines depuis la base de données réussie.
2023-05-31 13:52:34,728 - INFO - Récupération des turbines depuis la base de données réussie.
2023-05-31 13:52:34,729 - INFO - Récupération des turbines depuis la base de données réussie.
2023-05-31 13:52:34,730 - INFO - Récupération des turbines depuis la base de données réussie.
2023-05-31 13:52:34,730 - INFO - Récupération des turbines depuis la base de données réussie.
2023-05-31 13:52:34,731 - INFO - Récupération des turbines depuis la base de données réussie.
2023-05-31 13:52:34,732 - INFO - Récupération des turbines depuis la base de données réussie.
2023-05-31 13:52:34,733 - INFO - Récupération des turbines depuis la base de données réussie.
2023-05-31 13:52:34,733 - INFO - Récupération des turbines depuis la base de données réussie.
2023-05-31 13:52:34,734 - INFO - Récupération des turbines depuis la base de données réussie.
2023-05-31 13:52:34,734 - INFO - Récupération des turbines depuis la base de données réussie.
2023-05-31 13:52:34,735 - INFO - Récupération des turbines depuis la base de données réussie.
2023-05-31 13:52:34,735 - INFO - Récupération des turbines depuis la base de données réussie.
2023-05-31 13:52:34,735 - INFO - Récupération des turbines depuis la base de données réussie.
2023-05-31 13:52:34,736 - INFO - Récupération des turbines depuis la base de données réussie.
2023-05-31 13:52:34,736 - INFO - Récupération des turbines depuis la base de données réussie.
2023-05-31 13:52:34,737 - INFO - Récupération des turbines depuis la base de données réussie.
2023-05-31 13:52:34,737 - INFO - Récupération des turbines depuis la base de données réussie.
2023-05-31 13:52:34,738 - INFO - Récupération des turbines depuis la base de données réussie.
2023-05-31 13:52:34,738 - INFO - Récupération des turbines depuis la base de données réussie.
2023-05-31 13:52:34,739 - INFO - Récupération des turbines depuis la base de données réussie.
2023-05-31 13:52:34,739 - INFO - Récupération des turbines depuis la base de données réussie.
2023-05-31 13:52:34,740 - INFO - Récupération des turbines depuis la base de données réussie.
2023-05-31 13:52:34,740 - INFO - Récupération des turbines depuis la base de données réussie.
2023-05-31 13:52:34,740 - INFO - Récupération des turbines depuis la base de données réussie.
2023-05-31 13:52:34,741 - INFO - Récupération des turbines depuis la base de données réussie.
2023-05-31 13:52:34,741 - INFO - Récupération des turbines depuis la base de données réussie.
2023-05-31 13:52:42,261 - INFO - Insertion des lignes dans la collection MongoDB réussie.
2023-05-31 13:52:42,271 - INFO - Insertion des lignes dans la collection MongoDB réussie.
2023-05-31 13:52:42,284 - INFO - Insertion des lignes dans la collection MongoDB réussie.
2023-05-31 13:52:42,289 - INFO - Insertion des lignes dans la collection MongoDB réussie.
2023-05-31 13:52:42,293 - INFO - Insertion des lignes dans la collection MongoDB réussie.
2023-05-31 13:52:42,298 - INFO - Insertion des lignes dans la collection MongoDB réussie.
2023-05-31 13:52:42,303 - INFO - Insertion des lignes dans la collection MongoDB réussie.
2023-05-31 13:52:42,308 - INFO - Insertion des lignes dans la collection MongoDB réussie.
2023-05-31 13:52:42,315 - INFO - Insertion des lignes dans la collection MongoDB réussie.
2023-05-31 13:52:42,321 - INFO - Insertion des lignes dans la collection MongoDB réussie.
2023-05-31 13:52:42,326 - INFO - Insertion des lignes dans la collection MongoDB réussie.
2023-05-31 13:52:42,330 - INFO - Insertion des lignes dans la collection MongoDB réussie.
2023-05-31 13:52:42,334 - INFO - Insertion des lignes dans la collection MongoDB réussie.
2023-05-31 13:52:42,339 - INFO - Insertion des lignes dans la collection MongoDB réussie.
2023-05-31 13:52:42,344 - INFO - Insertion des lignes dans la collection MongoDB réussie.
2023-05-31 13:52:42,349 - INFO - Insertion des lignes dans la collection MongoDB réussie.
2023-05-31 13:52:42,356 - INFO - Insertion des lignes dans la collection MongoDB réussie.
2023-05-31 13:52:42,360 - INFO - Insertion des lignes dans la collection MongoDB réussie.
2023-05-31 13:52:42,365 - INFO - Insertion des lignes dans la collection MongoDB réussie.
2023-05-31 13:52:42,371 - INFO - Insertion des lignes dans la collection MongoDB réussie.
2023-05-31 13:52:42,375 - INFO - Insertion des lignes dans la collection MongoDB réussie.
2023-05-31 13:52:42,380 - INFO - Insertion des lignes dans la collection MongoDB réussie.
2023-05-31 13:52:42,385 - INFO - Insertion des lignes dans la collection MongoDB réussie.
2023-05-31 13:52:42,390 - INFO - Insertion des lignes dans la collection MongoDB réussie.
2023-05-31 13:52:42,394 - INFO - Insertion des lignes dans la collection MongoDB réussie.
2023-05-31 13:52:42,398 - INFO - Insertion des lignes dans la collection MongoDB réussie.
2023-05-31 13:52:42,403 - INFO - Insertion des lignes dans la collection MongoDB réussie.
2023-05-31 13:52:42,407 - INFO - Insertion des lignes dans la collection MongoDB réussie.
2023-05-31 13:52:42,413 - INFO - Insertion des lignes dans la collection MongoDB réussie.
2023-05-31 13:52:42,422 - INFO - Insertion des lignes dans la collection MongoDB réussie.
2023-05-31 13:52:42,426 - INFO - Insertion des lignes dans la collection MongoDB réussie.
2023-05-31 13:52:42,431 - INFO - Insertion des lignes dans la collection MongoDB réussie.
2023-05-31 13:52:42,436 - INFO - Insertion des lignes dans la collection MongoDB réussie.
2023-05-31 13:52:42,440 - INFO - Insertion des lignes dans la collection MongoDB réussie.
2023-05-31 13:52:42,445 - INFO - Insertion des lignes dans la collection MongoDB réussie.
2023-05-31 13:52:42,452 - INFO - Insertion des lignes dans la collection MongoDB réussie.
2023-05-31 13:52:42,456 - INFO - Insertion des lignes dans la collection MongoDB réussie.
2023-05-31 13:52:42,461 - INFO - Insertion des lignes dans la collection MongoDB réussie.
2023-05-31 13:52:42,466 - INFO - Insertion des lignes dans la collection MongoDB réussie.
2023-05-31 13:52:42,470 - INFO - Insertion des lignes dans la collection MongoDB réussie.
2023-05-31 13:52:42,475 - INFO - Insertion des lignes dans la collection MongoDB réussie.
2023-05-31 13:52:42,479 - INFO - Insertion des lignes dans la collection MongoDB réussie.
2023-05-31 13:52:42,484 - INFO - Insertion des lignes dans la collection MongoDB réussie.
2023-05-31 13:52:42,490 - INFO - Insertion des lignes dans la collection MongoDB réussie.
2023-05-31 13:52:42,495 - INFO - Insertion des lignes dans la collection MongoDB réussie.
2023-05-31 13:52:42,500 - INFO - Insertion des lignes dans la collection MongoDB réussie.
2023-05-31 13:52:42,505 - INFO - Insertion des lignes dans la collection MongoDB réussie.
2023-05-31 13:52:42,510 - INFO - Insertion des lignes dans la collection MongoDB réussie.
2023-05-31 13:52:42,515 - INFO - Insertion des lignes dans la collection MongoDB réussie.
2023-05-31 13:52:42,519 - INFO - Insertion des lignes dans la collection MongoDB réussie.
2023-05-31 13:52:42,526 - INFO - Insertion des lignes dans la collection MongoDB réussie.
2023-05-31 13:52:42,530 - INFO - Insertion des lignes dans la collection MongoDB réussie.
2023-05-31 13:52:42,535 - INFO - Insertion des lignes dans la collection MongoDB réussie.
2023-05-31 13:52:42,540 - INFO - Insertion des lignes dans la collection MongoDB réussie.
2023-05-31 13:52:42,544 - INFO - Insertion des lignes dans la collection MongoDB réussie.
2023-05-31 13:52:42,559 - INFO - Total données SCADA traitées : 55
2023-05-31 14:16:02,174 - INFO - Récupération des turbines depuis la base de données réussie.
2023-05-31 14:16:02,176 - INFO - Récupération des turbines depuis la base de données réussie.
2023-05-31 14:16:02,176 - INFO - Récupération des turbines depuis la base de données réussie.
2023-05-31 14:16:02,177 - INFO - Récupération des turbines depuis la base de données réussie.
2023-05-31 14:16:02,178 - INFO - Récupération des turbines depuis la base de données réussie.
2023-05-31 14:16:02,178 - INFO - Récupération des turbines depuis la base de données réussie.
2023-05-31 14:16:02,179 - INFO - Récupération des turbines depuis la base de données réussie.
2023-05-31 14:16:02,179 - INFO - Récupération des turbines depuis la base de données réussie.
2023-05-31 14:16:02,180 - INFO - Récupération des turbines depuis la base de données réussie.
2023-05-31 14:16:02,180 - INFO - Récupération des turbines depuis la base de données réussie.
2023-05-31 14:16:02,181 - INFO - Récupération des turbines depuis la base de données réussie.
2023-05-31 14:16:02,182 - INFO - Récupération des turbines depuis la base de données réussie.
2023-05-31 14:16:02,182 - INFO - Récupération des turbines depuis la base de données réussie.
2023-05-31 14:16:02,183 - INFO - Récupération des turbines depuis la base de données réussie.
2023-05-31 14:16:02,184 - INFO - Récupération des turbines depuis la base de données réussie.
2023-05-31 14:16:02,184 - INFO - Récupération des turbines depuis la base de données réussie.
2023-05-31 14:16:02,185 - INFO - Récupération des turbines depuis la base de données réussie.
2023-05-31 14:16:02,185 - INFO - Récupération des turbines depuis la base de données réussie.
2023-05-31 14:16:02,186 - INFO - Récupération des turbines depuis la base de données réussie.
2023-05-31 14:16:02,186 - INFO - Récupération des turbines depuis la base de données réussie.
2023-05-31 14:16:02,187 - INFO - Récupération des turbines depuis la base de données réussie.
2023-05-31 14:16:02,187 - INFO - Récupération des turbines depuis la base de données réussie.
2023-05-31 14:16:02,187 - INFO - Récupération des turbines depuis la base de données réussie.
2023-05-31 14:16:02,188 - INFO - Récupération des turbines depuis la base de données réussie.
2023-05-31 14:16:02,188 - INFO - Récupération des turbines depuis la base de données réussie.
2023-05-31 14:16:02,188 - INFO - Récupération des turbines depuis la base de données réussie.
2023-05-31 14:16:02,189 - INFO - Récupération des turbines depuis la base de données réussie.
2023-05-31 14:16:02,189 - INFO - Récupération des turbines depuis la base de données réussie.
2023-05-31 14:16:02,190 - INFO - Récupération des turbines depuis la base de données réussie.
2023-05-31 14:16:02,190 - INFO - Récupération des turbines depuis la base de données réussie.
2023-05-31 14:16:02,190 - INFO - Récupération des turbines depuis la base de données réussie.
2023-05-31 14:16:02,191 - INFO - Récupération des turbines depuis la base de données réussie.
2023-05-31 14:16:02,191 - INFO - Récupération des turbines depuis la base de données réussie.
2023-05-31 14:16:02,192 - INFO - Récupération des turbines depuis la base de données réussie.
2023-05-31 14:16:02,192 - INFO - Récupération des turbines depuis la base de données réussie.
2023-05-31 14:16:02,192 - INFO - Récupération des turbines depuis la base de données réussie.
2023-05-31 14:16:02,193 - INFO - Récupération des turbines depuis la base de données réussie.
2023-05-31 14:16:02,193 - INFO - Récupération des turbines depuis la base de données réussie.
2023-05-31 14:16:02,194 - INFO - Récupération des turbines depuis la base de données réussie.
2023-05-31 14:16:02,194 - INFO - Récupération des turbines depuis la base de données réussie.
2023-05-31 14:16:02,194 - INFO - Récupération des turbines depuis la base de données réussie.
2023-05-31 14:16:02,195 - INFO - Récupération des turbines depuis la base de données réussie.
2023-05-31 14:16:02,195 - INFO - Récupération des turbines depuis la base de données réussie.
2023-05-31 14:16:02,195 - INFO - Récupération des turbines depuis la base de données réussie.
2023-05-31 14:16:02,196 - INFO - Récupération des turbines depuis la base de données réussie.
2023-05-31 14:16:02,196 - INFO - Récupération des turbines depuis la base de données réussie.
2023-05-31 14:16:02,196 - INFO - Récupération des turbines depuis la base de données réussie.
2023-05-31 14:16:02,197 - INFO - Récupération des turbines depuis la base de données réussie.
2023-05-31 14:16:02,197 - INFO - Récupération des turbines depuis la base de données réussie.
2023-05-31 14:16:02,198 - INFO - Récupération des turbines depuis la base de données réussie.
2023-05-31 14:16:02,198 - INFO - Récupération des turbines depuis la base de données réussie.
2023-05-31 14:16:02,198 - INFO - Récupération des turbines depuis la base de données réussie.
2023-05-31 14:16:02,199 - INFO - Récupération des turbines depuis la base de données réussie.
2023-05-31 14:16:02,199 - INFO - Récupération des turbines depuis la base de données réussie.
2023-05-31 14:16:02,200 - INFO - Récupération des turbines depuis la base de données réussie.
2023-05-31 14:16:02,200 - INFO - Récupération des turbines depuis la base de données réussie.
2023-05-31 14:16:02,201 - INFO - Récupération des turbines depuis la base de données réussie.
2023-05-31 14:16:02,201 - INFO - Récupération des turbines depuis la base de données réussie.
2023-05-31 14:16:02,201 - INFO - Récupération des turbines depuis la base de données réussie.
2023-05-31 14:16:02,202 - INFO - Récupération des turbines depuis la base de données réussie.
2023-05-31 14:16:02,202 - INFO - Récupération des turbines depuis la base de données réussie.
2023-05-31 14:16:02,203 - INFO - Récupération des turbines depuis la base de données réussie.
2023-05-31 14:16:02,203 - INFO - Récupération des turbines depuis la base de données réussie.
2023-05-31 14:16:02,203 - INFO - Récupération des turbines depuis la base de données réussie.
2023-05-31 14:16:02,204 - INFO - Récupération des turbines depuis la base de données réussie.
2023-05-31 14:16:02,204 - INFO - Récupération des turbines depuis la base de données réussie.
2023-05-31 14:16:02,205 - INFO - Récupération des turbines depuis la base de données réussie.
2023-05-31 14:16:02,205 - INFO - Récupération des turbines depuis la base de données réussie.
2023-05-31 14:16:02,206 - INFO - Récupération des turbines depuis la base de données réussie.
2023-05-31 14:16:02,206 - INFO - Récupération des turbines depuis la base de données réussie.
2023-05-31 14:16:02,207 - INFO - Récupération des turbines depuis la base de données réussie.
2023-05-31 14:16:02,207 - INFO - Récupération des turbines depuis la base de données réussie.
2023-05-31 14:16:02,208 - INFO - Récupération des turbines depuis la base de données réussie.
2023-05-31 14:16:02,208 - INFO - Récupération des turbines depuis la base de données réussie.
2023-05-31 14:16:02,209 - INFO - Récupération des turbines depuis la base de données réussie.
2023-05-31 14:16:02,209 - INFO - Récupération des turbines depuis la base de données réussie.
2023-05-31 14:16:02,210 - INFO - Récupération des turbines depuis la base de données réussie.
2023-05-31 14:16:02,210 - INFO - Récupération des turbines depuis la base de données réussie.
2023-05-31 14:16:02,210 - INFO - Récupération des turbines depuis la base de données réussie.
2023-05-31 14:16:02,211 - INFO - Récupération des turbines depuis la base de données réussie.
2023-05-31 14:16:02,211 - INFO - Récupération des turbines depuis la base de données réussie.
2023-05-31 14:16:02,212 - INFO - Récupération des turbines depuis la base de données réussie.
2023-05-31 14:16:02,212 - INFO - Récupération des turbines depuis la base de données réussie.
2023-05-31 14:16:02,212 - INFO - Récupération des turbines depuis la base de données réussie.
2023-05-31 14:16:02,213 - INFO - Récupération des turbines depuis la base de données réussie.
2023-05-31 14:16:02,213 - INFO - Récupération des turbines depuis la base de données réussie.
2023-05-31 14:16:02,214 - INFO - Récupération des turbines depuis la base de données réussie.
2023-05-31 14:16:02,214 - INFO - Récupération des turbines depuis la base de données réussie.
2023-05-31 14:16:02,214 - INFO - Récupération des turbines depuis la base de données réussie.
2023-05-31 14:16:02,215 - INFO - Récupération des turbines depuis la base de données réussie.
2023-05-31 14:16:02,215 - INFO - Récupération des turbines depuis la base de données réussie.
2023-05-31 14:16:02,216 - INFO - Récupération des turbines depuis la base de données réussie.
2023-05-31 14:16:02,216 - INFO - Récupération des turbines depuis la base de données réussie.
2023-05-31 14:16:02,217 - INFO - Récupération des turbines depuis la base de données réussie.
2023-05-31 14:16:02,217 - INFO - Récupération des turbines depuis la base de données réussie.
2023-05-31 14:16:02,217 - INFO - Récupération des turbines depuis la base de données réussie.
2023-05-31 14:16:02,218 - INFO - Récupération des turbines depuis la base de données réussie.
2023-05-31 14:16:02,218 - INFO - Récupération des turbines depuis la base de données réussie.
2023-05-31 14:16:02,219 - INFO - Récupération des turbines depuis la base de données réussie.
2023-05-31 14:16:02,219 - INFO - Récupération des turbines depuis la base de données réussie.
2023-05-31 14:16:02,219 - INFO - Récupération des turbines depuis la base de données réussie.
2023-05-31 14:16:02,220 - INFO - Récupération des turbines depuis la base de données réussie.
2023-05-31 14:16:02,220 - INFO - Récupération des turbines depuis la base de données réussie.
2023-05-31 14:16:02,221 - INFO - Récupération des turbines depuis la base de données réussie.
2023-05-31 14:16:02,221 - INFO - Récupération des turbines depuis la base de données réussie.
2023-05-31 14:16:02,221 - INFO - Récupération des turbines depuis la base de données réussie.
2023-05-31 14:16:02,222 - INFO - Récupération des turbines depuis la base de données réussie.
2023-05-31 14:16:02,222 - INFO - Récupération des turbines depuis la base de données réussie.
2023-05-31 14:16:02,222 - INFO - Récupération des turbines depuis la base de données réussie.
2023-05-31 14:16:02,223 - INFO - Récupération des turbines depuis la base de données réussie.
2023-05-31 14:16:02,224 - ERROR - Erreur lors du traitement des données SCADA : validate_input_data() missing 1 required positional argument: 'last_scada_update'
2023-05-31 14:16:02,225 - INFO - Total données SCADA traitées : None
2023-05-31 14:16:24,937 - INFO - Récupération des turbines depuis la base de données réussie.
2023-05-31 14:16:24,938 - INFO - Récupération des turbines depuis la base de données réussie.
2023-05-31 14:16:24,938 - INFO - Récupération des turbines depuis la base de données réussie.
2023-05-31 14:16:24,939 - INFO - Récupération des turbines depuis la base de données réussie.
2023-05-31 14:16:24,939 - INFO - Récupération des turbines depuis la base de données réussie.
2023-05-31 14:16:24,940 - INFO - Récupération des turbines depuis la base de données réussie.
2023-05-31 14:16:24,941 - INFO - Récupération des turbines depuis la base de données réussie.
2023-05-31 14:16:24,942 - INFO - Récupération des turbines depuis la base de données réussie.
2023-05-31 14:16:24,942 - INFO - Récupération des turbines depuis la base de données réussie.
2023-05-31 14:16:24,943 - INFO - Récupération des turbines depuis la base de données réussie.
2023-05-31 14:16:24,943 - INFO - Récupération des turbines depuis la base de données réussie.
2023-05-31 14:16:24,944 - INFO - Récupération des turbines depuis la base de données réussie.
2023-05-31 14:16:24,944 - INFO - Récupération des turbines depuis la base de données réussie.
2023-05-31 14:16:24,945 - INFO - Récupération des turbines depuis la base de données réussie.
2023-05-31 14:16:24,945 - INFO - Récupération des turbines depuis la base de données réussie.
2023-05-31 14:16:24,946 - INFO - Récupération des turbines depuis la base de données réussie.
2023-05-31 14:16:24,946 - INFO - Récupération des turbines depuis la base de données réussie.
2023-05-31 14:16:24,947 - INFO - Récupération des turbines depuis la base de données réussie.
2023-05-31 14:16:24,947 - INFO - Récupération des turbines depuis la base de données réussie.
2023-05-31 14:16:24,948 - INFO - Récupération des turbines depuis la base de données réussie.
2023-05-31 14:16:24,948 - INFO - Récupération des turbines depuis la base de données réussie.
2023-05-31 14:16:24,948 - INFO - Récupération des turbines depuis la base de données réussie.
2023-05-31 14:16:24,949 - INFO - Récupération des turbines depuis la base de données réussie.
2023-05-31 14:16:24,949 - INFO - Récupération des turbines depuis la base de données réussie.
2023-05-31 14:16:24,950 - INFO - Récupération des turbines depuis la base de données réussie.
2023-05-31 14:16:24,950 - INFO - Récupération des turbines depuis la base de données réussie.
2023-05-31 14:16:24,951 - INFO - Récupération des turbines depuis la base de données réussie.
2023-05-31 14:16:24,951 - INFO - Récupération des turbines depuis la base de données réussie.
2023-05-31 14:16:24,952 - INFO - Récupération des turbines depuis la base de données réussie.
2023-05-31 14:16:24,952 - INFO - Récupération des turbines depuis la base de données réussie.
2023-05-31 14:16:24,952 - INFO - Récupération des turbines depuis la base de données réussie.
2023-05-31 14:16:24,953 - INFO - Récupération des turbines depuis la base de données réussie.
2023-05-31 14:16:24,953 - INFO - Récupération des turbines depuis la base de données réussie.
2023-05-31 14:16:24,954 - INFO - Récupération des turbines depuis la base de données réussie.
2023-05-31 14:16:24,954 - INFO - Récupération des turbines depuis la base de données réussie.
2023-05-31 14:16:24,954 - INFO - Récupération des turbines depuis la base de données réussie.
2023-05-31 14:16:24,955 - INFO - Récupération des turbines depuis la base de données réussie.
2023-05-31 14:16:24,955 - INFO - Récupération des turbines depuis la base de données réussie.
2023-05-31 14:16:24,956 - INFO - Récupération des turbines depuis la base de données réussie.
2023-05-31 14:16:24,956 - INFO - Récupération des turbines depuis la base de données réussie.
2023-05-31 14:16:24,957 - INFO - Récupération des turbines depuis la base de données réussie.
2023-05-31 14:16:24,957 - INFO - Récupération des turbines depuis la base de données réussie.
2023-05-31 14:16:24,958 - INFO - Récupération des turbines depuis la base de données réussie.
2023-05-31 14:16:24,958 - INFO - Récupération des turbines depuis la base de données réussie.
2023-05-31 14:16:24,958 - INFO - Récupération des turbines depuis la base de données réussie.
2023-05-31 14:16:24,959 - INFO - Récupération des turbines depuis la base de données réussie.
2023-05-31 14:16:24,959 - INFO - Récupération des turbines depuis la base de données réussie.
2023-05-31 14:16:24,960 - INFO - Récupération des turbines depuis la base de données réussie.
2023-05-31 14:16:24,960 - INFO - Récupération des turbines depuis la base de données réussie.
2023-05-31 14:16:24,961 - INFO - Récupération des turbines depuis la base de données réussie.
2023-05-31 14:16:24,961 - INFO - Récupération des turbines depuis la base de données réussie.
2023-05-31 14:16:24,961 - INFO - Récupération des turbines depuis la base de données réussie.
2023-05-31 14:16:24,962 - INFO - Récupération des turbines depuis la base de données réussie.
2023-05-31 14:16:24,962 - INFO - Récupération des turbines depuis la base de données réussie.
2023-05-31 14:16:24,963 - INFO - Récupération des turbines depuis la base de données réussie.
2023-05-31 14:16:24,963 - INFO - Récupération des turbines depuis la base de données réussie.
2023-05-31 14:16:24,963 - INFO - Récupération des turbines depuis la base de données réussie.
2023-05-31 14:16:24,964 - INFO - Récupération des turbines depuis la base de données réussie.
2023-05-31 14:16:24,964 - INFO - Récupération des turbines depuis la base de données réussie.
2023-05-31 14:16:24,965 - INFO - Récupération des turbines depuis la base de données réussie.
2023-05-31 14:16:24,965 - INFO - Récupération des turbines depuis la base de données réussie.
2023-05-31 14:16:24,966 - INFO - Récupération des turbines depuis la base de données réussie.
2023-05-31 14:16:24,966 - INFO - Récupération des turbines depuis la base de données réussie.
2023-05-31 14:16:24,967 - INFO - Récupération des turbines depuis la base de données réussie.
2023-05-31 14:16:24,967 - INFO - Récupération des turbines depuis la base de données réussie.
2023-05-31 14:16:24,968 - INFO - Récupération des turbines depuis la base de données réussie.
2023-05-31 14:16:24,968 - INFO - Récupération des turbines depuis la base de données réussie.
2023-05-31 14:16:24,968 - INFO - Récupération des turbines depuis la base de données réussie.
2023-05-31 14:16:24,969 - INFO - Récupération des turbines depuis la base de données réussie.
2023-05-31 14:16:24,969 - INFO - Récupération des turbines depuis la base de données réussie.
2023-05-31 14:16:24,969 - INFO - Récupération des turbines depuis la base de données réussie.
2023-05-31 14:16:24,970 - INFO - Récupération des turbines depuis la base de données réussie.
2023-05-31 14:16:24,971 - INFO - Récupération des turbines depuis la base de données réussie.
2023-05-31 14:16:24,971 - INFO - Récupération des turbines depuis la base de données réussie.
2023-05-31 14:16:24,972 - INFO - Récupération des turbines depuis la base de données réussie.
2023-05-31 14:16:24,972 - INFO - Récupération des turbines depuis la base de données réussie.
2023-05-31 14:16:24,973 - INFO - Récupération des turbines depuis la base de données réussie.
2023-05-31 14:16:24,973 - INFO - Récupération des turbines depuis la base de données réussie.
2023-05-31 14:16:24,974 - INFO - Récupération des turbines depuis la base de données réussie.
2023-05-31 14:16:24,974 - INFO - Récupération des turbines depuis la base de données réussie.
2023-05-31 14:16:24,975 - INFO - Récupération des turbines depuis la base de données réussie.
2023-05-31 14:16:24,975 - INFO - Récupération des turbines depuis la base de données réussie.
2023-05-31 14:16:24,975 - INFO - Récupération des turbines depuis la base de données réussie.
2023-05-31 14:16:24,976 - INFO - Récupération des turbines depuis la base de données réussie.
2023-05-31 14:16:24,976 - INFO - Récupération des turbines depuis la base de données réussie.
2023-05-31 14:16:24,977 - INFO - Récupération des turbines depuis la base de données réussie.
2023-05-31 14:16:24,977 - INFO - Récupération des turbines depuis la base de données réussie.
2023-05-31 14:16:24,978 - INFO - Récupération des turbines depuis la base de données réussie.
2023-05-31 14:16:24,978 - INFO - Récupération des turbines depuis la base de données réussie.
2023-05-31 14:16:24,979 - INFO - Récupération des turbines depuis la base de données réussie.
2023-05-31 14:16:24,979 - INFO - Récupération des turbines depuis la base de données réussie.
2023-05-31 14:16:24,979 - INFO - Récupération des turbines depuis la base de données réussie.
2023-05-31 14:16:24,980 - INFO - Récupération des turbines depuis la base de données réussie.
2023-05-31 14:16:24,980 - INFO - Récupération des turbines depuis la base de données réussie.
2023-05-31 14:16:24,981 - INFO - Récupération des turbines depuis la base de données réussie.
2023-05-31 14:16:24,981 - INFO - Récupération des turbines depuis la base de données réussie.
2023-05-31 14:16:24,982 - INFO - Récupération des turbines depuis la base de données réussie.
2023-05-31 14:16:24,982 - INFO - Récupération des turbines depuis la base de données réussie.
2023-05-31 14:16:24,982 - INFO - Récupération des turbines depuis la base de données réussie.
2023-05-31 14:16:24,983 - INFO - Récupération des turbines depuis la base de données réussie.
2023-05-31 14:16:24,983 - INFO - Récupération des turbines depuis la base de données réussie.
2023-05-31 14:16:24,984 - INFO - Récupération des turbines depuis la base de données réussie.
2023-05-31 14:16:24,984 - INFO - Récupération des turbines depuis la base de données réussie.
2023-05-31 14:16:24,984 - INFO - Récupération des turbines depuis la base de données réussie.
2023-05-31 14:16:24,985 - INFO - Récupération des turbines depuis la base de données réussie.
2023-05-31 14:16:24,985 - INFO - Récupération des turbines depuis la base de données réussie.
2023-05-31 14:16:24,986 - INFO - Récupération des turbines depuis la base de données réussie.
2023-05-31 14:16:24,986 - INFO - Récupération des turbines depuis la base de données réussie.
2023-05-31 14:16:24,987 - INFO - Récupération des turbines depuis la base de données réussie.
2023-05-31 14:16:24,987 - INFO - Récupération des turbines depuis la base de données réussie.
2023-05-31 14:16:24,988 - ERROR - Erreur lors du traitement des données SCADA : validate_input_data() missing 1 required positional argument: 'last_scada_update'
2023-05-31 14:16:24,989 - INFO - Total données SCADA traitées : None
2023-05-31 14:23:17,495 - INFO - Récupération des turbines depuis la base de données réussie.
2023-05-31 14:23:17,495 - INFO - Récupération des turbines depuis la base de données réussie.
2023-05-31 14:23:17,496 - INFO - Récupération des turbines depuis la base de données réussie.
2023-05-31 14:23:17,496 - INFO - Récupération des turbines depuis la base de données réussie.
2023-05-31 14:23:17,497 - INFO - Récupération des turbines depuis la base de données réussie.
2023-05-31 14:23:17,497 - INFO - Récupération des turbines depuis la base de données réussie.
2023-05-31 14:23:17,497 - INFO - Récupération des turbines depuis la base de données réussie.
2023-05-31 14:23:17,498 - INFO - Récupération des turbines depuis la base de données réussie.
2023-05-31 14:23:17,498 - INFO - Récupération des turbines depuis la base de données réussie.
2023-05-31 14:23:17,498 - INFO - Récupération des turbines depuis la base de données réussie.
2023-05-31 14:23:17,499 - INFO - Récupération des turbines depuis la base de données réussie.
2023-05-31 14:23:17,499 - INFO - Récupération des turbines depuis la base de données réussie.
2023-05-31 14:23:17,499 - INFO - Récupération des turbines depuis la base de données réussie.
2023-05-31 14:23:17,500 - INFO - Récupération des turbines depuis la base de données réussie.
2023-05-31 14:23:17,500 - INFO - Récupération des turbines depuis la base de données réussie.
2023-05-31 14:23:17,500 - INFO - Récupération des turbines depuis la base de données réussie.
2023-05-31 14:23:17,501 - INFO - Récupération des turbines depuis la base de données réussie.
2023-05-31 14:23:17,501 - INFO - Récupération des turbines depuis la base de données réussie.
2023-05-31 14:23:17,501 - INFO - Récupération des turbines depuis la base de données réussie.
2023-05-31 14:23:17,502 - INFO - Récupération des turbines depuis la base de données réussie.
2023-05-31 14:23:17,502 - INFO - Récupération des turbines depuis la base de données réussie.
2023-05-31 14:23:17,502 - INFO - Récupération des turbines depuis la base de données réussie.
2023-05-31 14:23:17,502 - INFO - Récupération des turbines depuis la base de données réussie.
2023-05-31 14:23:17,503 - INFO - Récupération des turbines depuis la base de données réussie.
2023-05-31 14:23:17,503 - INFO - Récupération des turbines depuis la base de données réussie.
2023-05-31 14:23:17,503 - INFO - Récupération des turbines depuis la base de données réussie.
2023-05-31 14:23:17,504 - INFO - Récupération des turbines depuis la base de données réussie.
2023-05-31 14:23:17,504 - INFO - Récupération des turbines depuis la base de données réussie.
2023-05-31 14:23:17,504 - INFO - Récupération des turbines depuis la base de données réussie.
2023-05-31 14:23:17,505 - INFO - Récupération des turbines depuis la base de données réussie.
2023-05-31 14:23:17,505 - INFO - Récupération des turbines depuis la base de données réussie.
2023-05-31 14:23:17,505 - INFO - Récupération des turbines depuis la base de données réussie.
2023-05-31 14:23:17,506 - INFO - Récupération des turbines depuis la base de données réussie.
2023-05-31 14:23:17,506 - INFO - Récupération des turbines depuis la base de données réussie.
2023-05-31 14:23:17,507 - INFO - Récupération des turbines depuis la base de données réussie.
2023-05-31 14:23:17,507 - INFO - Récupération des turbines depuis la base de données réussie.
2023-05-31 14:23:17,507 - INFO - Récupération des turbines depuis la base de données réussie.
2023-05-31 14:23:17,508 - INFO - Récupération des turbines depuis la base de données réussie.
2023-05-31 14:23:17,508 - INFO - Récupération des turbines depuis la base de données réussie.
2023-05-31 14:23:17,508 - INFO - Récupération des turbines depuis la base de données réussie.
2023-05-31 14:23:17,508 - INFO - Récupération des turbines depuis la base de données réussie.
2023-05-31 14:23:17,509 - INFO - Récupération des turbines depuis la base de données réussie.
2023-05-31 14:23:17,509 - INFO - Récupération des turbines depuis la base de données réussie.
2023-05-31 14:23:17,509 - INFO - Récupération des turbines depuis la base de données réussie.
2023-05-31 14:23:17,510 - INFO - Récupération des turbines depuis la base de données réussie.
2023-05-31 14:23:17,510 - INFO - Récupération des turbines depuis la base de données réussie.
2023-05-31 14:23:17,510 - INFO - Récupération des turbines depuis la base de données réussie.
2023-05-31 14:23:17,511 - INFO - Récupération des turbines depuis la base de données réussie.
2023-05-31 14:23:17,511 - INFO - Récupération des turbines depuis la base de données réussie.
2023-05-31 14:23:17,511 - INFO - Récupération des turbines depuis la base de données réussie.
2023-05-31 14:23:17,511 - INFO - Récupération des turbines depuis la base de données réussie.
2023-05-31 14:23:17,512 - INFO - Récupération des turbines depuis la base de données réussie.
2023-05-31 14:23:17,512 - INFO - Récupération des turbines depuis la base de données réussie.
2023-05-31 14:23:17,512 - INFO - Récupération des turbines depuis la base de données réussie.
2023-05-31 14:23:17,513 - INFO - Récupération des turbines depuis la base de données réussie.
2023-05-31 14:23:17,513 - INFO - Récupération des turbines depuis la base de données réussie.
2023-05-31 14:23:17,513 - INFO - Récupération des turbines depuis la base de données réussie.
2023-05-31 14:23:17,514 - INFO - Récupération des turbines depuis la base de données réussie.
2023-05-31 14:23:17,514 - INFO - Récupération des turbines depuis la base de données réussie.
2023-05-31 14:23:17,514 - INFO - Récupération des turbines depuis la base de données réussie.
2023-05-31 14:23:17,515 - INFO - Récupération des turbines depuis la base de données réussie.
2023-05-31 14:23:17,515 - INFO - Récupération des turbines depuis la base de données réussie.
2023-05-31 14:23:17,515 - INFO - Récupération des turbines depuis la base de données réussie.
2023-05-31 14:23:17,516 - INFO - Récupération des turbines depuis la base de données réussie.
2023-05-31 14:23:17,516 - INFO - Récupération des turbines depuis la base de données réussie.
2023-05-31 14:23:17,516 - INFO - Récupération des turbines depuis la base de données réussie.
2023-05-31 14:23:17,517 - INFO - Récupération des turbines depuis la base de données réussie.
2023-05-31 14:23:17,517 - INFO - Récupération des turbines depuis la base de données réussie.
2023-05-31 14:23:17,517 - INFO - Récupération des turbines depuis la base de données réussie.
2023-05-31 14:23:17,518 - INFO - Récupération des turbines depuis la base de données réussie.
2023-05-31 14:23:17,518 - INFO - Récupération des turbines depuis la base de données réussie.
2023-05-31 14:23:17,518 - INFO - Récupération des turbines depuis la base de données réussie.
2023-05-31 14:23:17,519 - INFO - Récupération des turbines depuis la base de données réussie.
2023-05-31 14:23:17,519 - INFO - Récupération des turbines depuis la base de données réussie.
2023-05-31 14:23:17,519 - INFO - Récupération des turbines depuis la base de données réussie.
2023-05-31 14:23:17,520 - INFO - Récupération des turbines depuis la base de données réussie.
2023-05-31 14:23:17,520 - INFO - Récupération des turbines depuis la base de données réussie.
2023-05-31 14:23:17,520 - INFO - Récupération des turbines depuis la base de données réussie.
2023-05-31 14:23:17,521 - INFO - Récupération des turbines depuis la base de données réussie.
2023-05-31 14:23:17,521 - INFO - Récupération des turbines depuis la base de données réussie.
2023-05-31 14:23:17,522 - INFO - Récupération des turbines depuis la base de données réussie.
2023-05-31 14:23:17,522 - INFO - Récupération des turbines depuis la base de données réussie.
2023-05-31 14:23:17,523 - INFO - Récupération des turbines depuis la base de données réussie.
2023-05-31 14:23:17,523 - INFO - Récupération des turbines depuis la base de données réussie.
2023-05-31 14:23:17,523 - INFO - Récupération des turbines depuis la base de données réussie.
2023-05-31 14:23:17,524 - INFO - Récupération des turbines depuis la base de données réussie.
2023-05-31 14:23:17,524 - INFO - Récupération des turbines depuis la base de données réussie.
2023-05-31 14:23:17,525 - INFO - Récupération des turbines depuis la base de données réussie.
2023-05-31 14:23:17,525 - INFO - Récupération des turbines depuis la base de données réussie.
2023-05-31 14:23:17,526 - INFO - Récupération des turbines depuis la base de données réussie.
2023-05-31 14:23:17,526 - INFO - Récupération des turbines depuis la base de données réussie.
2023-05-31 14:23:17,526 - INFO - Récupération des turbines depuis la base de données réussie.
2023-05-31 14:23:17,527 - INFO - Récupération des turbines depuis la base de données réussie.
2023-05-31 14:23:17,528 - INFO - Récupération des turbines depuis la base de données réussie.
2023-05-31 14:23:17,528 - INFO - Récupération des turbines depuis la base de données réussie.
2023-05-31 14:23:17,528 - INFO - Récupération des turbines depuis la base de données réussie.
2023-05-31 14:23:17,529 - INFO - Récupération des turbines depuis la base de données réussie.
2023-05-31 14:23:17,529 - INFO - Récupération des turbines depuis la base de données réussie.
2023-05-31 14:23:17,529 - INFO - Récupération des turbines depuis la base de données réussie.
2023-05-31 14:23:17,530 - INFO - Récupération des turbines depuis la base de données réussie.
2023-05-31 14:23:17,530 - INFO - Récupération des turbines depuis la base de données réussie.
2023-05-31 14:23:17,531 - INFO - Récupération des turbines depuis la base de données réussie.
2023-05-31 14:23:17,531 - INFO - Récupération des turbines depuis la base de données réussie.
2023-05-31 14:23:17,531 - INFO - Récupération des turbines depuis la base de données réussie.
2023-05-31 14:23:17,532 - INFO - Récupération des turbines depuis la base de données réussie.
2023-05-31 14:23:17,532 - INFO - Récupération des turbines depuis la base de données réussie.
2023-05-31 14:23:17,533 - INFO - Récupération des turbines depuis la base de données réussie.
2023-05-31 14:23:17,533 - INFO - Récupération des turbines depuis la base de données réussie.
2023-05-31 14:23:17,533 - INFO - Récupération des turbines depuis la base de données réussie.
2023-05-31 14:23:17,534 - INFO - Récupération des turbines depuis la base de données réussie.
2023-05-31 14:23:17,535 - ERROR - Erreur lors du traitement des données SCADA : La dernière mise à jour SCADA doit être un objet datetime.
2023-05-31 14:23:17,536 - INFO - Total données SCADA traitées : None
2023-05-31 14:27:38,351 - INFO - Récupération des turbines depuis la base de données réussie.
2023-05-31 14:27:38,351 - INFO - Récupération des turbines depuis la base de données réussie.
2023-05-31 14:27:38,352 - INFO - Récupération des turbines depuis la base de données réussie.
2023-05-31 14:27:38,352 - INFO - Récupération des turbines depuis la base de données réussie.
2023-05-31 14:27:38,352 - INFO - Récupération des turbines depuis la base de données réussie.
2023-05-31 14:27:38,353 - INFO - Récupération des turbines depuis la base de données réussie.
2023-05-31 14:27:38,353 - INFO - Récupération des turbines depuis la base de données réussie.
2023-05-31 14:27:38,353 - INFO - Récupération des turbines depuis la base de données réussie.
2023-05-31 14:27:38,354 - INFO - Récupération des turbines depuis la base de données réussie.
2023-05-31 14:27:38,354 - INFO - Récupération des turbines depuis la base de données réussie.
2023-05-31 14:27:38,354 - INFO - Récupération des turbines depuis la base de données réussie.
2023-05-31 14:27:38,355 - INFO - Récupération des turbines depuis la base de données réussie.
2023-05-31 14:27:38,355 - INFO - Récupération des turbines depuis la base de données réussie.
2023-05-31 14:27:38,355 - INFO - Récupération des turbines depuis la base de données réussie.
2023-05-31 14:27:38,356 - INFO - Récupération des turbines depuis la base de données réussie.
2023-05-31 14:27:38,356 - INFO - Récupération des turbines depuis la base de données réussie.
2023-05-31 14:27:38,356 - INFO - Récupération des turbines depuis la base de données réussie.
2023-05-31 14:27:38,357 - INFO - Récupération des turbines depuis la base de données réussie.
2023-05-31 14:27:38,357 - INFO - Récupération des turbines depuis la base de données réussie.
2023-05-31 14:27:38,357 - INFO - Récupération des turbines depuis la base de données réussie.
2023-05-31 14:27:38,358 - INFO - Récupération des turbines depuis la base de données réussie.
2023-05-31 14:27:38,358 - INFO - Récupération des turbines depuis la base de données réussie.
2023-05-31 14:27:38,359 - INFO - Récupération des turbines depuis la base de données réussie.
2023-05-31 14:27:38,359 - INFO - Récupération des turbines depuis la base de données réussie.
2023-05-31 14:27:38,359 - INFO - Récupération des turbines depuis la base de données réussie.
2023-05-31 14:27:38,360 - INFO - Récupération des turbines depuis la base de données réussie.
2023-05-31 14:27:38,360 - INFO - Récupération des turbines depuis la base de données réussie.
2023-05-31 14:27:38,360 - INFO - Récupération des turbines depuis la base de données réussie.
2023-05-31 14:27:38,361 - INFO - Récupération des turbines depuis la base de données réussie.
2023-05-31 14:27:38,362 - INFO - Récupération des turbines depuis la base de données réussie.
2023-05-31 14:27:38,362 - INFO - Récupération des turbines depuis la base de données réussie.
2023-05-31 14:27:38,363 - INFO - Récupération des turbines depuis la base de données réussie.
2023-05-31 14:27:38,363 - INFO - Récupération des turbines depuis la base de données réussie.
2023-05-31 14:27:38,364 - INFO - Récupération des turbines depuis la base de données réussie.
2023-05-31 14:27:38,364 - INFO - Récupération des turbines depuis la base de données réussie.
2023-05-31 14:27:38,364 - INFO - Récupération des turbines depuis la base de données réussie.
2023-05-31 14:27:38,365 - INFO - Récupération des turbines depuis la base de données réussie.
2023-05-31 14:27:38,365 - INFO - Récupération des turbines depuis la base de données réussie.
2023-05-31 14:27:38,365 - INFO - Récupération des turbines depuis la base de données réussie.
2023-05-31 14:27:38,366 - INFO - Récupération des turbines depuis la base de données réussie.
2023-05-31 14:27:38,366 - INFO - Récupération des turbines depuis la base de données réussie.
2023-05-31 14:27:38,366 - INFO - Récupération des turbines depuis la base de données réussie.
2023-05-31 14:27:38,367 - INFO - Récupération des turbines depuis la base de données réussie.
2023-05-31 14:27:38,367 - INFO - Récupération des turbines depuis la base de données réussie.
2023-05-31 14:27:38,367 - INFO - Récupération des turbines depuis la base de données réussie.
2023-05-31 14:27:38,368 - INFO - Récupération des turbines depuis la base de données réussie.
2023-05-31 14:27:38,368 - INFO - Récupération des turbines depuis la base de données réussie.
2023-05-31 14:27:38,368 - INFO - Récupération des turbines depuis la base de données réussie.
2023-05-31 14:27:38,369 - INFO - Récupération des turbines depuis la base de données réussie.
2023-05-31 14:27:38,369 - INFO - Récupération des turbines depuis la base de données réussie.
2023-05-31 14:27:38,369 - INFO - Récupération des turbines depuis la base de données réussie.
2023-05-31 14:27:38,370 - INFO - Récupération des turbines depuis la base de données réussie.
2023-05-31 14:27:38,370 - INFO - Récupération des turbines depuis la base de données réussie.
2023-05-31 14:27:38,370 - INFO - Récupération des turbines depuis la base de données réussie.
2023-05-31 14:27:38,371 - INFO - Récupération des turbines depuis la base de données réussie.
2023-05-31 14:27:38,371 - INFO - Récupération des turbines depuis la base de données réussie.
2023-05-31 14:27:38,372 - INFO - Récupération des turbines depuis la base de données réussie.
2023-05-31 14:27:38,372 - INFO - Récupération des turbines depuis la base de données réussie.
2023-05-31 14:27:38,372 - INFO - Récupération des turbines depuis la base de données réussie.
2023-05-31 14:27:38,373 - INFO - Récupération des turbines depuis la base de données réussie.
2023-05-31 14:27:38,373 - INFO - Récupération des turbines depuis la base de données réussie.
2023-05-31 14:27:38,373 - INFO - Récupération des turbines depuis la base de données réussie.
2023-05-31 14:27:38,374 - INFO - Récupération des turbines depuis la base de données réussie.
2023-05-31 14:27:38,374 - INFO - Récupération des turbines depuis la base de données réussie.
2023-05-31 14:27:38,374 - INFO - Récupération des turbines depuis la base de données réussie.
2023-05-31 14:27:38,375 - INFO - Récupération des turbines depuis la base de données réussie.
2023-05-31 14:27:38,376 - INFO - Récupération des turbines depuis la base de données réussie.
2023-05-31 14:27:38,376 - INFO - Récupération des turbines depuis la base de données réussie.
2023-05-31 14:27:38,377 - INFO - Récupération des turbines depuis la base de données réussie.
2023-05-31 14:27:38,378 - INFO - Récupération des turbines depuis la base de données réussie.
2023-05-31 14:27:38,378 - INFO - Récupération des turbines depuis la base de données réussie.
2023-05-31 14:27:38,378 - INFO - Récupération des turbines depuis la base de données réussie.
2023-05-31 14:27:38,379 - INFO - Récupération des turbines depuis la base de données réussie.
2023-05-31 14:27:38,379 - INFO - Récupération des turbines depuis la base de données réussie.
2023-05-31 14:27:38,380 - INFO - Récupération des turbines depuis la base de données réussie.
2023-05-31 14:27:38,380 - INFO - Récupération des turbines depuis la base de données réussie.
2023-05-31 14:27:38,380 - INFO - Récupération des turbines depuis la base de données réussie.
2023-05-31 14:27:38,381 - INFO - Récupération des turbines depuis la base de données réussie.
2023-05-31 14:27:38,381 - INFO - Récupération des turbines depuis la base de données réussie.
2023-05-31 14:27:38,381 - INFO - Récupération des turbines depuis la base de données réussie.
2023-05-31 14:27:38,382 - INFO - Récupération des turbines depuis la base de données réussie.
2023-05-31 14:27:38,382 - INFO - Récupération des turbines depuis la base de données réussie.
2023-05-31 14:27:38,382 - INFO - Récupération des turbines depuis la base de données réussie.
2023-05-31 14:27:38,383 - INFO - Récupération des turbines depuis la base de données réussie.
2023-05-31 14:27:38,383 - INFO - Récupération des turbines depuis la base de données réussie.
2023-05-31 14:27:38,384 - INFO - Récupération des turbines depuis la base de données réussie.
2023-05-31 14:27:38,384 - INFO - Récupération des turbines depuis la base de données réussie.
2023-05-31 14:27:38,384 - INFO - Récupération des turbines depuis la base de données réussie.
2023-05-31 14:27:38,385 - INFO - Récupération des turbines depuis la base de données réussie.
2023-05-31 14:27:38,385 - INFO - Récupération des turbines depuis la base de données réussie.
2023-05-31 14:27:38,386 - INFO - Récupération des turbines depuis la base de données réussie.
2023-05-31 14:27:38,386 - INFO - Récupération des turbines depuis la base de données réussie.
2023-05-31 14:27:38,386 - INFO - Récupération des turbines depuis la base de données réussie.
2023-05-31 14:27:38,387 - INFO - Récupération des turbines depuis la base de données réussie.
2023-05-31 14:27:38,387 - INFO - Récupération des turbines depuis la base de données réussie.
2023-05-31 14:27:38,387 - INFO - Récupération des turbines depuis la base de données réussie.
2023-05-31 14:27:38,388 - INFO - Récupération des turbines depuis la base de données réussie.
2023-05-31 14:27:38,388 - INFO - Récupération des turbines depuis la base de données réussie.
2023-05-31 14:27:38,388 - INFO - Récupération des turbines depuis la base de données réussie.
2023-05-31 14:27:38,389 - INFO - Récupération des turbines depuis la base de données réussie.
2023-05-31 14:27:38,389 - INFO - Récupération des turbines depuis la base de données réussie.
2023-05-31 14:27:38,390 - INFO - Récupération des turbines depuis la base de données réussie.
2023-05-31 14:27:38,390 - INFO - Récupération des turbines depuis la base de données réussie.
2023-05-31 14:27:38,390 - INFO - Récupération des turbines depuis la base de données réussie.
2023-05-31 14:27:38,390 - INFO - Récupération des turbines depuis la base de données réussie.
2023-05-31 14:27:38,391 - INFO - Récupération des turbines depuis la base de données réussie.
2023-05-31 14:27:38,391 - INFO - Récupération des turbines depuis la base de données réussie.
2023-05-31 14:27:38,392 - INFO - Récupération des turbines depuis la base de données réussie.
2023-05-31 14:27:38,393 - INFO - Récupération des turbines depuis la base de données réussie.
2023-05-31 14:27:38,393 - INFO - Récupération des turbines depuis la base de données réussie.
2023-05-31 14:27:45,916 - INFO - Insertion des lignes dans la collection MongoDB réussie.
2023-05-31 14:27:45,931 - INFO - Insertion des lignes dans la collection MongoDB réussie.
2023-05-31 14:27:45,936 - INFO - Insertion des lignes dans la collection MongoDB réussie.
2023-05-31 14:27:45,942 - INFO - Insertion des lignes dans la collection MongoDB réussie.
2023-05-31 14:27:45,948 - INFO - Insertion des lignes dans la collection MongoDB réussie.
2023-05-31 14:27:45,952 - INFO - Insertion des lignes dans la collection MongoDB réussie.
2023-05-31 14:27:45,957 - INFO - Insertion des lignes dans la collection MongoDB réussie.
2023-05-31 14:27:45,962 - INFO - Insertion des lignes dans la collection MongoDB réussie.
2023-05-31 14:27:45,969 - INFO - Insertion des lignes dans la collection MongoDB réussie.
2023-05-31 14:27:45,975 - INFO - Insertion des lignes dans la collection MongoDB réussie.
2023-05-31 14:27:45,980 - INFO - Insertion des lignes dans la collection MongoDB réussie.
2023-05-31 14:27:45,985 - INFO - Insertion des lignes dans la collection MongoDB réussie.
2023-05-31 14:27:45,995 - INFO - Insertion des lignes dans la collection MongoDB réussie.
2023-05-31 14:27:46,000 - INFO - Insertion des lignes dans la collection MongoDB réussie.
2023-05-31 14:27:46,006 - INFO - Insertion des lignes dans la collection MongoDB réussie.
2023-05-31 14:27:46,010 - INFO - Insertion des lignes dans la collection MongoDB réussie.
2023-05-31 14:27:46,015 - INFO - Insertion des lignes dans la collection MongoDB réussie.
2023-05-31 14:27:46,020 - INFO - Insertion des lignes dans la collection MongoDB réussie.
2023-05-31 14:27:46,027 - INFO - Insertion des lignes dans la collection MongoDB réussie.
2023-05-31 14:27:46,032 - INFO - Insertion des lignes dans la collection MongoDB réussie.
2023-05-31 14:27:46,036 - INFO - Insertion des lignes dans la collection MongoDB réussie.
2023-05-31 14:27:46,041 - INFO - Insertion des lignes dans la collection MongoDB réussie.
2023-05-31 14:27:46,046 - INFO - Insertion des lignes dans la collection MongoDB réussie.
2023-05-31 14:27:46,050 - INFO - Insertion des lignes dans la collection MongoDB réussie.
2023-05-31 14:27:46,055 - INFO - Insertion des lignes dans la collection MongoDB réussie.
2023-05-31 14:27:46,062 - INFO - Insertion des lignes dans la collection MongoDB réussie.
2023-05-31 14:27:46,066 - INFO - Insertion des lignes dans la collection MongoDB réussie.
2023-05-31 14:27:46,071 - INFO - Insertion des lignes dans la collection MongoDB réussie.
2023-05-31 14:27:46,075 - INFO - Insertion des lignes dans la collection MongoDB réussie.
2023-05-31 14:27:46,080 - INFO - Insertion des lignes dans la collection MongoDB réussie.
2023-05-31 14:27:46,088 - INFO - Insertion des lignes dans la collection MongoDB réussie.
2023-05-31 14:27:46,093 - INFO - Insertion des lignes dans la collection MongoDB réussie.
2023-05-31 14:27:46,097 - INFO - Insertion des lignes dans la collection MongoDB réussie.
2023-05-31 14:27:46,102 - INFO - Insertion des lignes dans la collection MongoDB réussie.
2023-05-31 14:27:46,106 - INFO - Insertion des lignes dans la collection MongoDB réussie.
2023-05-31 14:27:46,111 - INFO - Insertion des lignes dans la collection MongoDB réussie.
2023-05-31 14:27:46,116 - INFO - Insertion des lignes dans la collection MongoDB réussie.
2023-05-31 14:27:46,120 - INFO - Insertion des lignes dans la collection MongoDB réussie.
2023-05-31 14:27:46,125 - INFO - Insertion des lignes dans la collection MongoDB réussie.
2023-05-31 14:27:46,135 - INFO - Insertion des lignes dans la collection MongoDB réussie.
2023-05-31 14:27:46,140 - INFO - Insertion des lignes dans la collection MongoDB réussie.
2023-05-31 14:27:46,145 - INFO - Insertion des lignes dans la collection MongoDB réussie.
2023-05-31 14:27:46,150 - INFO - Insertion des lignes dans la collection MongoDB réussie.
2023-05-31 14:27:46,155 - INFO - Insertion des lignes dans la collection MongoDB réussie.
2023-05-31 14:27:46,160 - INFO - Insertion des lignes dans la collection MongoDB réussie.
2023-05-31 14:27:46,164 - INFO - Insertion des lignes dans la collection MongoDB réussie.
2023-05-31 14:27:46,169 - INFO - Insertion des lignes dans la collection MongoDB réussie.
2023-05-31 14:27:46,173 - INFO - Insertion des lignes dans la collection MongoDB réussie.
2023-05-31 14:27:46,177 - INFO - Insertion des lignes dans la collection MongoDB réussie.
2023-05-31 14:27:46,182 - INFO - Insertion des lignes dans la collection MongoDB réussie.
2023-05-31 14:27:46,186 - INFO - Insertion des lignes dans la collection MongoDB réussie.
2023-05-31 14:27:46,191 - INFO - Insertion des lignes dans la collection MongoDB réussie.
2023-05-31 14:27:46,198 - INFO - Insertion des lignes dans la collection MongoDB réussie.
2023-05-31 14:27:46,202 - INFO - Insertion des lignes dans la collection MongoDB réussie.
2023-05-31 14:27:46,206 - INFO - Insertion des lignes dans la collection MongoDB réussie.
2023-05-31 14:27:46,210 - INFO - Insertion des lignes dans la collection MongoDB réussie.
2023-05-31 14:27:46,224 - INFO - Total données SCADA traitées : 222
